{"M:\\repos\\Trendyol Front End Bootcamp\\Week V\\Sunday\\week-5-testing-mehmet-mertkaan-erdem\\divide\\divide.js": {"path":"M:\\repos\\Trendyol Front End Bootcamp\\Week V\\Sunday\\week-5-testing-mehmet-mertkaan-erdem\\divide\\divide.js","statementMap":{"0":{"start":{"line":2,"column":2},"end":{"line":6,"column":3}},"1":{"start":{"line":3,"column":4},"end":{"line":3,"column":41}},"2":{"start":{"line":4,"column":9},"end":{"line":6,"column":3}},"3":{"start":{"line":5,"column":4},"end":{"line":5,"column":39}},"4":{"start":{"line":8,"column":2},"end":{"line":8,"column":21}},"5":{"start":{"line":11,"column":0},"end":{"line":11,"column":24}}},"fnMap":{"0":{"name":"divide","decl":{"start":{"line":1,"column":9},"end":{"line":1,"column":15}},"loc":{"start":{"line":1,"column":28},"end":{"line":9,"column":1}},"line":1}},"branchMap":{"0":{"loc":{"start":{"line":2,"column":2},"end":{"line":6,"column":3}},"type":"if","locations":[{"start":{"line":2,"column":2},"end":{"line":6,"column":3}},{"start":{"line":2,"column":2},"end":{"line":6,"column":3}}],"line":2},"1":{"loc":{"start":{"line":2,"column":6},"end":{"line":2,"column":56}},"type":"binary-expr","locations":[{"start":{"line":2,"column":6},"end":{"line":2,"column":29}},{"start":{"line":2,"column":33},"end":{"line":2,"column":56}}],"line":2},"2":{"loc":{"start":{"line":4,"column":9},"end":{"line":6,"column":3}},"type":"if","locations":[{"start":{"line":4,"column":9},"end":{"line":6,"column":3}},{"start":{"line":4,"column":9},"end":{"line":6,"column":3}}],"line":4}},"s":{"0":4,"1":2,"2":2,"3":1,"4":1,"5":1},"f":{"0":4},"b":{"0":[2,2],"1":[4,3],"2":[1,1]},"_coverageSchema":"1a1c01bbd47fc00a2c39e90264f33305004495a9","hash":"7fb9a7d314a278c23bca17b1776797fdad2d4f3c"}
,"M:\\repos\\Trendyol Front End Bootcamp\\Week V\\Sunday\\week-5-testing-mehmet-mertkaan-erdem\\pascalCase\\toPascalCase.js": {"path":"M:\\repos\\Trendyol Front End Bootcamp\\Week V\\Sunday\\week-5-testing-mehmet-mertkaan-erdem\\pascalCase\\toPascalCase.js","statementMap":{"0":{"start":{"line":2,"column":2},"end":{"line":11,"column":15}},"1":{"start":{"line":5,"column":6},"end":{"line":9,"column":7}},"2":{"start":{"line":6,"column":8},"end":{"line":6,"column":20}},"3":{"start":{"line":8,"column":8},"end":{"line":8,"column":60}},"4":{"start":{"line":14,"column":22},"end":{"line":14,"column":63}},"5":{"start":{"line":14,"column":32},"end":{"line":14,"column":63}},"6":{"start":{"line":15,"column":0},"end":{"line":15,"column":30}}},"fnMap":{"0":{"name":"toPascalCase","decl":{"start":{"line":1,"column":9},"end":{"line":1,"column":21}},"loc":{"start":{"line":1,"column":29},"end":{"line":12,"column":1}},"line":1},"1":{"name":"(anonymous_1)","decl":{"start":{"line":4,"column":9},"end":{"line":4,"column":10}},"loc":{"start":{"line":4,"column":19},"end":{"line":10,"column":5}},"line":4},"2":{"name":"(anonymous_2)","decl":{"start":{"line":14,"column":22},"end":{"line":14,"column":23}},"loc":{"start":{"line":14,"column":32},"end":{"line":14,"column":63}},"line":14}},"branchMap":{"0":{"loc":{"start":{"line":5,"column":6},"end":{"line":9,"column":7}},"type":"if","locations":[{"start":{"line":5,"column":6},"end":{"line":9,"column":7}},{"start":{"line":5,"column":6},"end":{"line":9,"column":7}}],"line":5},"1":{"loc":{"start":{"line":14,"column":32},"end":{"line":14,"column":63}},"type":"binary-expr","locations":[{"start":{"line":14,"column":32},"end":{"line":14,"column":46}},{"start":{"line":14,"column":50},"end":{"line":14,"column":63}}],"line":14}},"s":{"0":3,"1":10,"2":1,"3":9,"4":1,"5":10,"6":1},"f":{"0":3,"1":10,"2":10},"b":{"0":[1,9],"1":[10,10]},"_coverageSchema":"1a1c01bbd47fc00a2c39e90264f33305004495a9","hash":"0186fd50cc6abe9853428fbde72db7baeaa2be4b"}
,"M:\\repos\\Trendyol Front End Bootcamp\\Week V\\Sunday\\week-5-testing-mehmet-mertkaan-erdem\\services\\posts-provider.js": {"path":"M:\\repos\\Trendyol Front End Bootcamp\\Week V\\Sunday\\week-5-testing-mehmet-mertkaan-erdem\\services\\posts-provider.js","statementMap":{"0":{"start":{"line":1,"column":12},"end":{"line":1,"column":28}},"1":{"start":{"line":7,"column":4},"end":{"line":14,"column":5}},"2":{"start":{"line":8,"column":21},"end":{"line":10,"column":7}},"3":{"start":{"line":11,"column":6},"end":{"line":11,"column":25}},"4":{"start":{"line":13,"column":6},"end":{"line":13,"column":17}},"5":{"start":{"line":18,"column":0},"end":{"line":18,"column":31}}},"fnMap":{"0":{"name":"(anonymous_0)","decl":{"start":{"line":4,"column":2},"end":{"line":4,"column":3}},"loc":{"start":{"line":4,"column":16},"end":{"line":4,"column":18}},"line":4},"1":{"name":"(anonymous_1)","decl":{"start":{"line":6,"column":2},"end":{"line":6,"column":3}},"loc":{"start":{"line":6,"column":19},"end":{"line":15,"column":3}},"line":6}},"branchMap":{},"s":{"0":2,"1":1,"2":1,"3":1,"4":0,"5":2},"f":{"0":1,"1":1},"b":{},"_coverageSchema":"1a1c01bbd47fc00a2c39e90264f33305004495a9","hash":"7ffce8f4a549f5759c30753025165f611692a97b"}
,"M:\\repos\\Trendyol Front End Bootcamp\\Week V\\Sunday\\week-5-testing-mehmet-mertkaan-erdem\\services\\posts-services.js": {"path":"M:\\repos\\Trendyol Front End Bootcamp\\Week V\\Sunday\\week-5-testing-mehmet-mertkaan-erdem\\services\\posts-services.js","statementMap":{"0":{"start":{"line":3,"column":4},"end":{"line":3,"column":39}},"1":{"start":{"line":7,"column":18},"end":{"line":7,"column":53}},"2":{"start":{"line":9,"column":18},"end":{"line":9,"column":38}},"3":{"start":{"line":11,"column":31},"end":{"line":11,"column":33}},"4":{"start":{"line":13,"column":4},"end":{"line":21,"column":5}},"5":{"start":{"line":14,"column":6},"end":{"line":16,"column":7}},"6":{"start":{"line":15,"column":8},"end":{"line":15,"column":45}},"7":{"start":{"line":18,"column":6},"end":{"line":20,"column":7}},"8":{"start":{"line":19,"column":8},"end":{"line":19,"column":45}},"9":{"start":{"line":23,"column":4},"end":{"line":23,"column":38}},"10":{"start":{"line":27,"column":18},"end":{"line":27,"column":20}},"11":{"start":{"line":29,"column":4},"end":{"line":41,"column":5}},"12":{"start":{"line":30,"column":6},"end":{"line":38,"column":9}},"13":{"start":{"line":31,"column":8},"end":{"line":37,"column":9}},"14":{"start":{"line":32,"column":10},"end":{"line":32,"column":46}},"15":{"start":{"line":34,"column":10},"end":{"line":36,"column":12}},"16":{"start":{"line":40,"column":6},"end":{"line":40,"column":46}},"17":{"start":{"line":43,"column":4},"end":{"line":43,"column":17}},"18":{"start":{"line":49,"column":4},"end":{"line":54,"column":5}},"19":{"start":{"line":50,"column":6},"end":{"line":50,"column":45}},"20":{"start":{"line":51,"column":6},"end":{"line":51,"column":45}},"21":{"start":{"line":51,"column":33},"end":{"line":51,"column":43}},"22":{"start":{"line":53,"column":6},"end":{"line":53,"column":47}},"23":{"start":{"line":58,"column":0},"end":{"line":58,"column":30}}},"fnMap":{"0":{"name":"(anonymous_0)","decl":{"start":{"line":2,"column":2},"end":{"line":2,"column":3}},"loc":{"start":{"line":2,"column":29},"end":{"line":4,"column":3}},"line":2},"1":{"name":"(anonymous_1)","decl":{"start":{"line":6,"column":2},"end":{"line":6,"column":3}},"loc":{"start":{"line":6,"column":28},"end":{"line":24,"column":3}},"line":6},"2":{"name":"(anonymous_2)","decl":{"start":{"line":26,"column":2},"end":{"line":26,"column":3}},"loc":{"start":{"line":26,"column":18},"end":{"line":44,"column":3}},"line":26},"3":{"name":"(anonymous_3)","decl":{"start":{"line":30,"column":20},"end":{"line":30,"column":21}},"loc":{"start":{"line":30,"column":30},"end":{"line":38,"column":7}},"line":30},"4":{"name":"(anonymous_4)","decl":{"start":{"line":46,"column":2},"end":{"line":46,"column":3}},"loc":{"start":{"line":46,"column":25},"end":{"line":55,"column":3}},"line":46},"5":{"name":"(anonymous_5)","decl":{"start":{"line":51,"column":23},"end":{"line":51,"column":24}},"loc":{"start":{"line":51,"column":33},"end":{"line":51,"column":43}},"line":51}},"branchMap":{"0":{"loc":{"start":{"line":14,"column":6},"end":{"line":16,"column":7}},"type":"if","locations":[{"start":{"line":14,"column":6},"end":{"line":16,"column":7}},{"start":{"line":14,"column":6},"end":{"line":16,"column":7}}],"line":14},"1":{"loc":{"start":{"line":18,"column":6},"end":{"line":20,"column":7}},"type":"if","locations":[{"start":{"line":18,"column":6},"end":{"line":20,"column":7}},{"start":{"line":18,"column":6},"end":{"line":20,"column":7}}],"line":18},"2":{"loc":{"start":{"line":31,"column":8},"end":{"line":37,"column":9}},"type":"if","locations":[{"start":{"line":31,"column":8},"end":{"line":37,"column":9}},{"start":{"line":31,"column":8},"end":{"line":37,"column":9}}],"line":31}},"s":{"0":1,"1":3,"2":3,"3":2,"4":2,"5":2,"6":2,"7":2,"8":0,"9":2,"10":3,"11":3,"12":3,"13":4,"14":2,"15":2,"16":1,"17":2,"18":2,"19":2,"20":2,"21":4,"22":0,"23":1},"f":{"0":1,"1":3,"2":3,"3":4,"4":2,"5":4},"b":{"0":[2,0],"1":[0,2],"2":[2,2]},"_coverageSchema":"1a1c01bbd47fc00a2c39e90264f33305004495a9","hash":"2205d45890b3e233fd972a1bf7d5f403ac21fe54"}
}
