TN:
SF:divide\divide.js
FN:1,divide
FNF:1
FNH:1
FNDA:4,divide
DA:2,4
DA:3,2
DA:4,2
DA:5,1
DA:8,1
DA:11,1
LF:6
LH:6
BRDA:2,0,0,2
BRDA:2,0,1,2
BRDA:2,1,0,4
BRDA:2,1,1,3
BRDA:4,2,0,1
BRDA:4,2,1,1
BRF:6
BRH:6
end_of_record
TN:
SF:pascalCase\toPascalCase.js
FN:1,toPascalCase
FN:4,(anonymous_1)
FN:14,(anonymous_2)
FNF:3
FNH:3
FNDA:3,toPascalCase
FNDA:10,(anonymous_1)
FNDA:10,(anonymous_2)
DA:2,3
DA:5,10
DA:6,1
DA:8,9
DA:14,10
DA:15,1
LF:6
LH:6
BRDA:5,0,0,1
BRDA:5,0,1,9
BRDA:14,1,0,10
BRDA:14,1,1,10
BRF:4
BRH:4
end_of_record
TN:
SF:services\posts-provider.js
FN:4,(anonymous_0)
FN:6,(anonymous_1)
FNF:2
FNH:2
FNDA:1,(anonymous_0)
FNDA:1,(anonymous_1)
DA:1,2
DA:7,1
DA:8,1
DA:11,1
DA:13,0
DA:18,2
LF:6
LH:5
BRF:0
BRH:0
end_of_record
TN:
SF:services\posts-services.js
FN:2,(anonymous_0)
FN:6,(anonymous_1)
FN:26,(anonymous_2)
FN:30,(anonymous_3)
FN:46,(anonymous_4)
FN:51,(anonymous_5)
FNF:6
FNH:6
FNDA:1,(anonymous_0)
FNDA:3,(anonymous_1)
FNDA:3,(anonymous_2)
FNDA:4,(anonymous_3)
FNDA:2,(anonymous_4)
FNDA:4,(anonymous_5)
DA:3,1
DA:7,3
DA:9,3
DA:11,2
DA:13,2
DA:14,2
DA:15,2
DA:18,2
DA:19,0
DA:23,2
DA:27,3
DA:29,3
DA:30,3
DA:31,4
DA:32,2
DA:34,2
DA:40,1
DA:43,2
DA:49,2
DA:50,2
DA:51,4
DA:53,0
DA:58,1
LF:23
LH:21
BRDA:14,0,0,2
BRDA:14,0,1,0
BRDA:18,1,0,0
BRDA:18,1,1,2
BRDA:31,2,0,2
BRDA:31,2,1,2
BRF:6
BRH:4
end_of_record
